# JRE version: OpenJDK Runtime Environment Corretto-11.0.20.9.1 (11.0.20.1+9) (build 11.0.20.1+9-LTS)
# Java VM: OpenJDK 64-Bit Server VM Corretto-11.0.20.9.1 (11.0.20.1+9-LTS, mixed mode, tiered, compressed oops, g1 gc, windows-amd64)
Heap:
 garbage-first heap   total 131072K, used 9038K [0x0000000081800000, 0x0000000100000000)
  region size 1024K, 2 young (2048K), 2 survivors (2048K)
 Metaspace       used 15182K, capacity 15486K, committed 15616K, reserved 1075200K
  class space    used 1568K, capacity 1696K, committed 1792K, reserved 1048576K
GC Heap History (6 events):
Event: 1.998 GC heap before
{Heap before GC invocations=0 (full 0):
 garbage-first heap   total 131072K, used 14336K [0x0000000081800000, 0x0000000100000000)
  region size 1024K, 14 young (14336K), 0 survivors (0K)
 Metaspace       used 11844K, capacity 12074K, committed 12416K, reserved 1060864K
  class space    used 1202K, capacity 1302K, committed 1408K, reserved 1048576K
}
Event: 2.010 GC heap after
{Heap after GC invocations=1 (full 0):
 garbage-first heap   total 131072K, used 7438K [0x0000000081800000, 0x0000000100000000)
  region size 1024K, 2 young (2048K), 2 survivors (2048K)
 Metaspace       used 11844K, capacity 12074K, committed 12416K, reserved 1060864K
  class space    used 1202K, capacity 1302K, committed 1408K, reserved 1048576K
}
Event: 2.255 GC heap before
{Heap before GC invocations=1 (full 0):
 garbage-first heap   total 131072K, used 12558K [0x0000000081800000, 0x0000000100000000)
  region size 1024K, 7 young (7168K), 2 survivors (2048K)
 Metaspace       used 13932K, capacity 14226K, committed 14336K, reserved 1062912K
  class space    used 1405K, capacity 1506K, committed 1536K, reserved 1048576K
}
Event: 2.263 GC heap after
{Heap after GC invocations=2 (full 0):
 garbage-first heap   total 131072K, used 8612K [0x0000000081800000, 0x0000000100000000)
  region size 1024K, 1 young (1024K), 1 survivors (1024K)
 Metaspace       used 13932K, capacity 14226K, committed 14336K, reserved 1062912K
  class space    used 1405K, capacity 1506K, committed 1536K, reserved 1048576K
}
Event: 2.572 GC heap before
{Heap before GC invocations=2 (full 0):
 garbage-first heap   total 131072K, used 17828K [0x0000000081800000, 0x0000000100000000)
  region size 1024K, 12 young (12288K), 1 survivors (1024K)
 Metaspace       used 15182K, capacity 15486K, committed 15616K, reserved 1073152K
  class space    used 1568K, capacity 1696K, committed 1792K, reserved 1048576K
}
Event: 2.577 GC heap after
{Heap after GC invocations=3 (full 0):
 garbage-first heap   total 131072K, used 9038K [0x0000000081800000, 0x0000000100000000)
  region size 1024K, 2 young (2048K), 2 survivors (2048K)
 Metaspace       used 15182K, capacity 15486K, committed 15616K, reserved 1073152K
  class space    used 1568K, capacity 1696K, committed 1792K, reserved 1048576K
}

