# JRE version: OpenJDK Runtime Environment Corretto-11.0.20.9.1 (11.0.20.1+9) (build 11.0.20.1+9-LTS)
# Java VM: OpenJDK 64-Bit Server VM Corretto-11.0.20.9.1 (11.0.20.1+9-LTS, mixed mode, tiered, compressed oops, g1 gc, windows-amd64)
Heap:
 garbage-first heap   total 131072K, used 9659K [0x0000000081800000, 0x0000000100000000)
  region size 1024K, 3 young (3072K), 3 survivors (3072K)
 Metaspace       used 17492K, capacity 17979K, committed 18048K, reserved 1073152K
  class space    used 1895K, capacity 2119K, committed 2176K, reserved 1048576K
GC Heap History (8 events):
Event: 1.982 GC heap before
{Heap before GC invocations=0 (full 0):
 garbage-first heap   total 131072K, used 14336K [0x0000000081800000, 0x0000000100000000)
  region size 1024K, 14 young (14336K), 0 survivors (0K)
 Metaspace       used 12125K, capacity 12371K, committed 12672K, reserved 1060864K
  class space    used 1231K, capacity 1337K, committed 1408K, reserved 1048576K
}
Event: 1.993 GC heap after
{Heap after GC invocations=1 (full 0):
 garbage-first heap   total 131072K, used 7228K [0x0000000081800000, 0x0000000100000000)
  region size 1024K, 2 young (2048K), 2 survivors (2048K)
 Metaspace       used 12125K, capacity 12371K, committed 12672K, reserved 1060864K
  class space    used 1231K, capacity 1337K, committed 1408K, reserved 1048576K
}
Event: 2.297 GC heap before
{Heap before GC invocations=1 (full 0):
 garbage-first heap   total 131072K, used 13372K [0x0000000081800000, 0x0000000100000000)
  region size 1024K, 8 young (8192K), 2 survivors (2048K)
 Metaspace       used 14110K, capacity 14420K, committed 14720K, reserved 1062912K
  class space    used 1427K, capacity 1551K, committed 1664K, reserved 1048576K
}
Event: 2.306 GC heap after
{Heap after GC invocations=2 (full 0):
 garbage-first heap   total 131072K, used 8553K [0x0000000081800000, 0x0000000100000000)
  region size 1024K, 1 young (1024K), 1 survivors (1024K)
 Metaspace       used 14110K, capacity 14420K, committed 14720K, reserved 1062912K
  class space    used 1427K, capacity 1551K, committed 1664K, reserved 1048576K
}
Event: 2.893 GC heap before
{Heap before GC invocations=2 (full 0):
 garbage-first heap   total 131072K, used 28009K [0x0000000081800000, 0x0000000100000000)
  region size 1024K, 20 young (20480K), 1 survivors (1024K)
 Metaspace       used 16956K, capacity 17458K, committed 17792K, reserved 1064960K
  class space    used 1834K, capacity 2051K, committed 2176K, reserved 1048576K
}
Event: 2.900 GC heap after
{Heap after GC invocations=3 (full 0):
 garbage-first heap   total 131072K, used 9559K [0x0000000081800000, 0x0000000100000000)
  region size 1024K, 2 young (2048K), 2 survivors (2048K)
 Metaspace       used 16956K, capacity 17458K, committed 17792K, reserved 1064960K
  class space    used 1834K, capacity 2051K, committed 2176K, reserved 1048576K
}
Event: 2.961 GC heap before
{Heap before GC invocations=3 (full 0):
 garbage-first heap   total 131072K, used 10583K [0x0000000081800000, 0x0000000100000000)
  region size 1024K, 4 young (4096K), 2 survivors (2048K)
 Metaspace       used 17492K, capacity 17979K, committed 18048K, reserved 1071104K
  class space    used 1895K, capacity 2119K, committed 2176K, reserved 1048576K
}
Event: 2.967 GC heap after
{Heap after GC invocations=4 (full 0):
 garbage-first heap   total 131072K, used 9659K [0x0000000081800000, 0x0000000100000000)
  region size 1024K, 3 young (3072K), 3 survivors (3072K)
 Metaspace       used 17492K, capacity 17979K, committed 18048K, reserved 1071104K
  class space    used 1895K, capacity 2119K, committed 2176K, reserved 1048576K
}

